app/proguard-rules.pro
# Keep Moshi generated adapters
-keep class com.squareup.moshi.** { *; }
-dontwarn org.tensorflow.**