app/build/outputs/mapping/prodRelease/seeds.txt
com.gearsnap.notifications.GearSnapFirebaseMessagingService
com.gearsnap.MainActivity
com.gearsnap.GearSnapApp
com.gearsnap.notifications.GearSnapFirebaseMessagingService: GearSnapFirebaseMessagingService()
com.gearsnap.MainActivity: MainActivity()
com.gearsnap.GearSnapApp: GearSnapApp()
...
com.google.android.recaptcha.internal.zzqr: int[] zza
com.google.android.recaptcha.internal.zzjw: long zzh
com.google.android.recaptcha.internal.zzbg: com.google.android.recaptcha.internal.zzbg zzJ
com.google.android.play.core.integrity.aa: com.google.android.play.core.integrity.aj a
com.google.android.gms.internal.firebase-auth-api.zzvx: java.lang.String zzf
com.google.android.recaptcha.internal.zzmb: com.google.android.recaptcha.internal.zzlx zza
com.squareup.moshi.JsonUtf8Reader: int NUMBER_CHAR_EXP_E
com.google.android.gms.internal.firebase-auth-api.zzju$zzc: com.google.android.gms.internal.firebase-auth-api.zzju$zzc zzc
com.google.android.gms.internal.auth.zzce: com.google.android.gms.internal.auth.zzcg zza
com.google.android.gms.internal.firebase-auth-api.zzny: java.util.concurrent.atomic.AtomicReference zzc
com.google.android.gms.tasks.zzw: boolean zzd
com.google.android.gms.internal.firebase-auth-api.zzju$zze: com.google.android.gms.internal.firebase-auth-api.zzju$zze zza
com.google.android.gms.internal.firebase-auth-api.zzajy: com.google.android.gms.internal.firebase-auth-api.zzamn zzb
com.google.android.recaptcha.internal.zzkj: com.google.android.recaptcha.internal.zzkj zzN
com.squareup.moshi.JsonScope: int NONEMPTY_OBJECT
com.squareup.moshi.internal.Util: java.lang.reflect.Type[] EMPTY_TYPE_ARRAY
com.google.android.gms.internal.firebase-auth-api.zzalg: boolean zzh
com.google.android.recaptcha.RecaptchaErrorCode: com.google.android.recaptcha.RecaptchaErrorCode INVALID_SITEKEY
com.google.android.gms.internal.firebase-auth-api.zzajs: com.google.android.gms.internal.firebase-auth-api.zzajs zzaw
com.google.android.recaptcha.internal.zzod: int zzj
com.google.android.gms.internal.firebase-auth-api.zzafi: java.lang.String zze
com.google.android.gms.internal.auth.zzhn: com.google.android.gms.internal.auth.zzhn zzp
com.google.android.gms.tasks.TaskExecutors: java.util.concurrent.Executor MAIN_THREAD
com.google.android.gms.common.internal.BaseGmsClient: java.lang.String DEFAULT_ACCOUNT
com.google.android.recaptcha.internal.zzgz: boolean zza
com.google.android.recaptcha.internal.zzgv: java.util.Map zzi
com.google.android.gms.internal.firebase-auth-api.zzer: java.lang.String zza
com.google.android.recaptcha.internal.zzbg: com.google.android.recaptcha.internal.zzbg zzak
com.squareup.moshi.Moshi: java.util.Map adapterCache
com.google.android.gms.internal.auth.zzby: com.google.android.gms.internal.auth.zzby[] zzai
com.google.android.gms.internal.firebase-auth-api.zzakq: com.google.android.gms.internal.firebase-auth-api.zzald zzb
com.google.android.gms.internal.firebase-auth-api.zzahb: java.lang.String zzj
com.google.android.gms.internal.firebase-auth-api.zzalg: com.google.android.gms.internal.firebase-auth-api.zzakm zzo
com.google.android.gms.internal.firebase-auth-api.zzyf: com.google.android.gms.internal.firebase-auth-api.zzyj zzf
com.google.android.gms.internal.firebase-auth-api.zzadi: java.lang.String zza
com.google.android.gms.internal.firebase-auth-api.zzaav: com.google.android.gms.internal.firebase-auth-api.zzade zza
com.google.android.gms.internal.firebase-auth-api.zzb: com.google.android.gms.internal.firebase-auth-api.zzb zza
com.google.android.recaptcha.internal.zzpq: com.google.android.recaptcha.internal.zziv zzl
com.google.android.recaptcha.internal.zzkm: com.google.android.recaptcha.internal.zzks zza
com.google.android.gms.internal.firebase-auth-api.zzahr: java.lang.String zzh
com.google.android.gms.internal.fido.zzam: com.google.android.gms.internal.fido.zzak zzc
com.google.android.gms.internal.firebase-auth-api.zzlg: byte[] zze
com.google.android.gms.internal.firebase-auth-api.zzacq: java.lang.String zzaa
com.google.android.gms.internal.firebase-auth-api.zzahr: java.lang.String zzm
com.google.android.gms.internal.auth.zzej: int zzc
com.google.android.gms.internal.firebase-auth-api.zztf: int zzf
com.google.android.recaptcha.internal.zzdc: com.google.android.recaptcha.internal.zzdg zze